<?xml version="1.0" encoding="UTF-8"?>
<testng-results ignored="0" total="3" passed="3" failed="0" skipped="0">
  <reporter-output>
  </reporter-output>
  <suite started-at="2021-12-29T11:02:10 EET" name="Suite" finished-at="2021-12-29T11:02:59 EET" duration-ms="48881">
    <groups>
    </groups>
    <test started-at="2021-12-29T11:02:10 EET" name="Test" finished-at="2021-12-29T11:02:10 EET" duration-ms="19">
    </test> <!-- Test -->
    <test started-at="2021-12-29T11:02:10 EET" name="Test On Edge" finished-at="2021-12-29T11:02:28 EET" duration-ms="18647">
      <class name="tests.TestSearchResult">
        <test-method signature="validateResultCount(java.lang.String)[pri:0, instance:tests.TestSearchResult@79924b]" started-at="2021-12-29T11:02:10 EET" name="validateResultCount" finished-at="2021-12-29T11:02:28 EET" duration-ms="18221" status="PASS">
          <params>
            <param index="0">
              <value>
                <![CDATA[Microsoft Edge]]>
              </value>
            </param>
          </params>
          <reporter-output>
          </reporter-output>
        </test-method> <!-- validateResultCount -->
        <test-method is-config="true" signature="closeDriver()[pri:0, instance:tests.TestSearchResult@79924b]" started-at="2021-12-29T11:02:28 EET" name="closeDriver" finished-at="2021-12-29T11:02:28 EET" duration-ms="391" status="PASS">
          <reporter-output>
          </reporter-output>
        </test-method> <!-- closeDriver -->
      </class> <!-- tests.TestSearchResult -->
    </test> <!-- Test On Edge -->
    <test started-at="2021-12-29T11:02:28 EET" name="Test On Firefox" finished-at="2021-12-29T11:02:44 EET" duration-ms="15505">
      <class name="tests.TestSearchResult">
        <test-method signature="validateResultCount(java.lang.String)[pri:0, instance:tests.TestSearchResult@399f45b1]" started-at="2021-12-29T11:02:28 EET" name="validateResultCount" finished-at="2021-12-29T11:02:43 EET" duration-ms="14550" status="PASS">
          <params>
            <param index="0">
              <value>
                <![CDATA[Firefox]]>
              </value>
            </param>
          </params>
          <reporter-output>
          </reporter-output>
        </test-method> <!-- validateResultCount -->
        <test-method is-config="true" signature="closeDriver()[pri:0, instance:tests.TestSearchResult@399f45b1]" started-at="2021-12-29T11:02:43 EET" name="closeDriver" finished-at="2021-12-29T11:02:44 EET" duration-ms="951" status="PASS">
          <reporter-output>
          </reporter-output>
        </test-method> <!-- closeDriver -->
      </class> <!-- tests.TestSearchResult -->
    </test> <!-- Test On Firefox -->
    <test started-at="2021-12-29T11:02:44 EET" name="Test On Chrome" finished-at="2021-12-29T11:02:59 EET" duration-ms="14620">
      <class name="tests.TestSearchResult">
        <test-method signature="validateResultCount(java.lang.String)[pri:0, instance:tests.TestSearchResult@35cabb2a]" started-at="2021-12-29T11:02:44 EET" name="validateResultCount" finished-at="2021-12-29T11:02:58 EET" duration-ms="14359" status="PASS">
          <params>
            <param index="0">
              <value>
                <![CDATA[Chrome]]>
              </value>
            </param>
          </params>
          <reporter-output>
          </reporter-output>
        </test-method> <!-- validateResultCount -->
        <test-method is-config="true" signature="closeDriver()[pri:0, instance:tests.TestSearchResult@35cabb2a]" started-at="2021-12-29T11:02:58 EET" name="closeDriver" finished-at="2021-12-29T11:02:59 EET" duration-ms="246" status="PASS">
          <reporter-output>
          </reporter-output>
        </test-method> <!-- closeDriver -->
      </class> <!-- tests.TestSearchResult -->
    </test> <!-- Test On Chrome -->
  </suite> <!-- Suite -->
</testng-results>
